
*** Running vivado
    with args -log Sinus.vds -m64 -product Vivado -mode batch -messageDb vivado.pb -notrace -source Sinus.tcl



****** Vivado v2022.1 (64-bit)
  **** SW Build 3526262 on Mon Apr 18 15:48:16 MDT 2022
  **** IP Build 3524634 on Mon Apr 18 20:55:01 MDT 2022
    ** Copyright 1986-2022 Xilinx, Inc. All Rights Reserved.

source Sinus.tcl -notrace
create_project: Time (s): cpu = 00:00:04 ; elapsed = 00:00:06 . Memory (MB): peak = 1283.965 ; gain = 0.000
Command: read_checkpoint -auto_incremental -incremental C:/Users/amado/vivado_project/cnasin/cnasin.srcs/utils_1/imports/synth_1/Sinus.dcp
INFO: [Vivado 12-5825] Read reference checkpoint from C:/Users/amado/vivado_project/cnasin/cnasin.srcs/utils_1/imports/synth_1/Sinus.dcp for incremental synthesis
INFO: [Vivado 12-7989] Please ensure there are no constraint changes
Command: synth_design -top Sinus -part xc7s25csga225-1
Starting synth_design
Attempting to get a license for feature 'Synthesis' and/or device 'xc7s25'
INFO: [Common 17-349] Got license for feature 'Synthesis' and/or device 'xc7s25'
INFO: [Device 21-403] Loading part xc7s25csga225-1
INFO: [Designutils 20-5440] No compile time benefit to using incremental synthesis; A full resynthesis will be run
INFO: [Designutils 20-4379] Flow is switching to default flow due to incremental criteria not met. If you would like to alter this behaviour and have the flow terminate instead, please set the following parameter config_implementation {autoIncr.Synth.RejectBehavior Terminate}
INFO: [Synth 8-7079] Multithreading enabled for synth_design using a maximum of 2 processes.
INFO: [Synth 8-7078] Launching helper process for spawning children vivado processes
INFO: [Synth 8-7075] Helper process launched with PID 6952
---------------------------------------------------------------------------------
Starting RTL Elaboration : Time (s): cpu = 00:00:07 ; elapsed = 00:00:08 . Memory (MB): peak = 1283.965 ; gain = 0.000
---------------------------------------------------------------------------------
INFO: [Synth 8-638] synthesizing module 'Sinus' [C:/Users/amado/vivado_project/cnasin/cnasin.srcs/sources_1/imports/new/SINUS.vhd:19]
ERROR: [Synth 8-502] non-constant real-valued expression is not supported [C:/Users/amado/vivado_project/cnasin/cnasin.srcs/sources_1/imports/new/SINUS.vhd:54]
ERROR: [Synth 8-285] failed synthesizing module 'Sinus' [C:/Users/amado/vivado_project/cnasin/cnasin.srcs/sources_1/imports/new/SINUS.vhd:19]
---------------------------------------------------------------------------------
Finished RTL Elaboration : Time (s): cpu = 00:00:08 ; elapsed = 00:00:10 . Memory (MB): peak = 1283.965 ; gain = 0.000
---------------------------------------------------------------------------------
RTL Elaboration failed
INFO: [Common 17-83] Releasing license: Synthesis
11 Infos, 0 Warnings, 0 Critical Warnings and 3 Errors encountered.
synth_design failed
ERROR: [Common 17-69] Command failed: Synthesis failed - please see the console or run log file for details
INFO: [Common 17-206] Exiting Vivado at Fri Sep 27 16:06:50 2024...
